<?xml version="1.0" encoding="utf-8"?>
<TestRun id="87660e4a-0cd2-48fe-b523-7b1a6e5a6023" name="sshreider@UKD032 2024-03-24 15:29:10" runUser="SOTI\sshreider" xmlns="http://microsoft.com/schemas/VisualStudio/TeamTest/2010">
  <Times creation="2024-03-24T15:29:10.2281368-04:00" queuing="2024-03-24T15:29:10.2281368-04:00" start="2024-03-24T15:29:08.2005009-04:00" finish="2024-03-24T15:29:10.2331486-04:00" />
  <TestSettings name="default" id="d5710127-ac3a-4cef-a9c7-a6f396f1d983">
    <Deployment runDeploymentRoot="sshreider_UKD032_2024-03-24_15_29_10" />
  </TestSettings>
  <Results>
    <UnitTestResult executionId="052f1b57-e680-4dd2-9707-effa3069f71e" testId="22c79bfc-6beb-0e15-5795-417574d6fac0" testName="JenkinsUnitTests.UnitTest1.Substraction(x: 2, y: 7, result: -5)" computerName="UKD032" duration="00:00:00.0022041" startTime="2024-03-24T15:29:10.1449266-04:00" endTime="2024-03-24T15:29:10.1449425-04:00" testType="13cdc9d9-ddb5-4fa4-a97d-d965ccfc6d4b" outcome="Passed" testListId="8c84fa94-04c1-424b-9868-57a2d4851a1d" relativeResultsDirectory="052f1b57-e680-4dd2-9707-effa3069f71e" />
    <UnitTestResult executionId="fafb5860-073f-4c8d-9e7a-9b0d00c27ea8" testId="6ea3b85d-5b69-cebf-287b-c242e93a5d44" testName="JenkinsUnitTests.UnitTest1.Addition(x: 1, y: 2, result: 3)" computerName="UKD032" duration="00:00:00.0000613" startTime="2024-03-24T15:29:10.1470329-04:00" endTime="2024-03-24T15:29:10.1470329-04:00" testType="13cdc9d9-ddb5-4fa4-a97d-d965ccfc6d4b" outcome="Passed" testListId="8c84fa94-04c1-424b-9868-57a2d4851a1d" relativeResultsDirectory="fafb5860-073f-4c8d-9e7a-9b0d00c27ea8" />
    <UnitTestResult executionId="f6895402-d969-4b7e-a9af-316dd7866897" testId="ea20ef30-0174-a834-dc30-5e23270e7243" testName="JenkinsUnitTests.UnitTest1.Multiplication(x: 2, y: 7, result: 14)" computerName="UKD032" duration="00:00:00.0000520" startTime="2024-03-24T15:29:10.1472990-04:00" endTime="2024-03-24T15:29:10.1472991-04:00" testType="13cdc9d9-ddb5-4fa4-a97d-d965ccfc6d4b" outcome="Passed" testListId="8c84fa94-04c1-424b-9868-57a2d4851a1d" relativeResultsDirectory="f6895402-d969-4b7e-a9af-316dd7866897" />
    <UnitTestResult executionId="c75e3541-385c-4897-ae92-fca23be569ee" testId="483aa94b-3793-d223-03b1-34492d663546" testName="JenkinsUnitTests.UnitTest1.Division(x: 1, y: 7, result: 0)" computerName="UKD032" duration="00:00:00.0000987" startTime="2024-03-24T15:29:10.1473383-04:00" endTime="2024-03-24T15:29:10.1473383-04:00" testType="13cdc9d9-ddb5-4fa4-a97d-d965ccfc6d4b" outcome="Passed" testListId="8c84fa94-04c1-424b-9868-57a2d4851a1d" relativeResultsDirectory="c75e3541-385c-4897-ae92-fca23be569ee" />
  </Results>
  <TestDefinitions>
    <UnitTest name="JenkinsUnitTests.UnitTest1.Multiplication(x: 2, y: 7, result: 14)" storage="c:\src\test_async_app_for_it\testjenkins\jenkinsunittests\bin\release\net8.0\publish\jenkinsunittests.dll" id="ea20ef30-0174-a834-dc30-5e23270e7243">
      <Execution id="f6895402-d969-4b7e-a9af-316dd7866897" />
      <TestMethod codeBase="C:\src\test_async_app_for_it\TestJenkins\JenkinsUnitTests\bin\Release\net8.0\publish\JenkinsUnitTests.dll" adapterTypeName="executor://xunit/VsTestRunner2/netcoreapp" className="JenkinsUnitTests.UnitTest1" name="Multiplication" />
    </UnitTest>
    <UnitTest name="JenkinsUnitTests.UnitTest1.Addition(x: 1, y: 2, result: 3)" storage="c:\src\test_async_app_for_it\testjenkins\jenkinsunittests\bin\release\net8.0\publish\jenkinsunittests.dll" id="6ea3b85d-5b69-cebf-287b-c242e93a5d44">
      <Execution id="fafb5860-073f-4c8d-9e7a-9b0d00c27ea8" />
      <TestMethod codeBase="C:\src\test_async_app_for_it\TestJenkins\JenkinsUnitTests\bin\Release\net8.0\publish\JenkinsUnitTests.dll" adapterTypeName="executor://xunit/VsTestRunner2/netcoreapp" className="JenkinsUnitTests.UnitTest1" name="Addition" />
    </UnitTest>
    <UnitTest name="JenkinsUnitTests.UnitTest1.Substraction(x: 2, y: 7, result: -5)" storage="c:\src\test_async_app_for_it\testjenkins\jenkinsunittests\bin\release\net8.0\publish\jenkinsunittests.dll" id="22c79bfc-6beb-0e15-5795-417574d6fac0">
      <Execution id="052f1b57-e680-4dd2-9707-effa3069f71e" />
      <TestMethod codeBase="C:\src\test_async_app_for_it\TestJenkins\JenkinsUnitTests\bin\Release\net8.0\publish\JenkinsUnitTests.dll" adapterTypeName="executor://xunit/VsTestRunner2/netcoreapp" className="JenkinsUnitTests.UnitTest1" name="Substraction" />
    </UnitTest>
    <UnitTest name="JenkinsUnitTests.UnitTest1.Division(x: 1, y: 7, result: 0)" storage="c:\src\test_async_app_for_it\testjenkins\jenkinsunittests\bin\release\net8.0\publish\jenkinsunittests.dll" id="483aa94b-3793-d223-03b1-34492d663546">
      <Execution id="c75e3541-385c-4897-ae92-fca23be569ee" />
      <TestMethod codeBase="C:\src\test_async_app_for_it\TestJenkins\JenkinsUnitTests\bin\Release\net8.0\publish\JenkinsUnitTests.dll" adapterTypeName="executor://xunit/VsTestRunner2/netcoreapp" className="JenkinsUnitTests.UnitTest1" name="Division" />
    </UnitTest>
  </TestDefinitions>
  <TestEntries>
    <TestEntry testId="22c79bfc-6beb-0e15-5795-417574d6fac0" executionId="052f1b57-e680-4dd2-9707-effa3069f71e" testListId="8c84fa94-04c1-424b-9868-57a2d4851a1d" />
    <TestEntry testId="6ea3b85d-5b69-cebf-287b-c242e93a5d44" executionId="fafb5860-073f-4c8d-9e7a-9b0d00c27ea8" testListId="8c84fa94-04c1-424b-9868-57a2d4851a1d" />
    <TestEntry testId="ea20ef30-0174-a834-dc30-5e23270e7243" executionId="f6895402-d969-4b7e-a9af-316dd7866897" testListId="8c84fa94-04c1-424b-9868-57a2d4851a1d" />
    <TestEntry testId="483aa94b-3793-d223-03b1-34492d663546" executionId="c75e3541-385c-4897-ae92-fca23be569ee" testListId="8c84fa94-04c1-424b-9868-57a2d4851a1d" />
  </TestEntries>
  <TestLists>
    <TestList name="Results Not in a List" id="8c84fa94-04c1-424b-9868-57a2d4851a1d" />
    <TestList name="All Loaded Results" id="19431567-8539-422a-85d7-44ee4e166bda" />
  </TestLists>
  <ResultSummary outcome="Completed">
    <Counters total="4" executed="4" passed="4" failed="0" error="0" timeout="0" aborted="0" inconclusive="0" passedButRunAborted="0" notRunnable="0" notExecuted="0" disconnected="0" warning="0" completed="0" inProgress="0" pending="0" />
    <Output>
      <StdOut>[xUnit.net 00:00:00.00] xUnit.net VSTest Adapter v2.4.5+1caef2f33e (64-bit .NET 8.0.3)&#xD;
[xUnit.net 00:00:01.32]   Discovering: JenkinsUnitTests&#xD;
[xUnit.net 00:00:01.34]   Discovered:  JenkinsUnitTests&#xD;
[xUnit.net 00:00:01.34]   Starting:    JenkinsUnitTests&#xD;
[xUnit.net 00:00:01.38]   Finished:    JenkinsUnitTests&#xD;
</StdOut>
    </Output>
  </ResultSummary>
</TestRun>