<?xml version="1.0" encoding="utf-8"?>
<TestRun id="060a3c70-5012-4454-8d0e-e5c49058dba9" name="sshreider@UKD032 2024-03-26 11:43:15" runUser="SOTI\sshreider" xmlns="http://microsoft.com/schemas/VisualStudio/TeamTest/2010">
  <Times creation="2024-03-26T11:43:15.3603434-04:00" queuing="2024-03-26T11:43:15.3603436-04:00" start="2024-03-26T11:43:11.6720986-04:00" finish="2024-03-26T11:43:15.3703488-04:00" />
  <TestSettings name="default" id="f9d337e8-b830-44e9-bf98-e8911964ffcf">
    <Deployment runDeploymentRoot="sshreider_UKD032_2024-03-26_11_43_15" />
  </TestSettings>
  <Results>
    <UnitTestResult executionId="4880e346-105c-407d-8e1a-d16ba80e3298" testId="22c79bfc-6beb-0e15-5795-417574d6fac0" testName="JenkinsUnitTests.UnitTest1.Substraction(x: 2, y: 7, result: -5)" computerName="UKD032" duration="00:00:00.0026784" startTime="2024-03-26T11:43:15.1864097-04:00" endTime="2024-03-26T11:43:15.1864278-04:00" testType="13cdc9d9-ddb5-4fa4-a97d-d965ccfc6d4b" outcome="Passed" testListId="8c84fa94-04c1-424b-9868-57a2d4851a1d" relativeResultsDirectory="4880e346-105c-407d-8e1a-d16ba80e3298" />
    <UnitTestResult executionId="a0e01cdd-ba54-414a-9a6f-17e3b9e610dd" testId="ea20ef30-0174-a834-dc30-5e23270e7243" testName="JenkinsUnitTests.UnitTest1.Multiplication(x: 2, y: 7, result: 14)" computerName="UKD032" duration="00:00:00.0000594" startTime="2024-03-26T11:43:15.1944041-04:00" endTime="2024-03-26T11:43:15.1944041-04:00" testType="13cdc9d9-ddb5-4fa4-a97d-d965ccfc6d4b" outcome="Passed" testListId="8c84fa94-04c1-424b-9868-57a2d4851a1d" relativeResultsDirectory="a0e01cdd-ba54-414a-9a6f-17e3b9e610dd" />
    <UnitTestResult executionId="0a641139-8149-408f-9f86-9c8ea0cd922a" testId="483aa94b-3793-d223-03b1-34492d663546" testName="JenkinsUnitTests.UnitTest1.Division(x: 1, y: 7, result: 0)" computerName="UKD032" duration="00:00:00.0000569" startTime="2024-03-26T11:43:15.1946799-04:00" endTime="2024-03-26T11:43:15.1946800-04:00" testType="13cdc9d9-ddb5-4fa4-a97d-d965ccfc6d4b" outcome="Passed" testListId="8c84fa94-04c1-424b-9868-57a2d4851a1d" relativeResultsDirectory="0a641139-8149-408f-9f86-9c8ea0cd922a" />
    <UnitTestResult executionId="31cd13c5-9c0e-4fb0-8e97-3016328775ca" testId="6ea3b85d-5b69-cebf-287b-c242e93a5d44" testName="JenkinsUnitTests.UnitTest1.Addition(x: 1, y: 2, result: 3)" computerName="UKD032" duration="00:00:00.0000703" startTime="2024-03-26T11:43:15.1936250-04:00" endTime="2024-03-26T11:43:15.1936251-04:00" testType="13cdc9d9-ddb5-4fa4-a97d-d965ccfc6d4b" outcome="Passed" testListId="8c84fa94-04c1-424b-9868-57a2d4851a1d" relativeResultsDirectory="31cd13c5-9c0e-4fb0-8e97-3016328775ca" />
  </Results>
  <TestDefinitions>
    <UnitTest name="JenkinsUnitTests.UnitTest1.Multiplication(x: 2, y: 7, result: 14)" storage="c:\src\test_async_app_for_it\testjenkins\jenkinsunittests\bin\release\net8.0\publish\jenkinsunittests.dll" id="ea20ef30-0174-a834-dc30-5e23270e7243">
      <Execution id="a0e01cdd-ba54-414a-9a6f-17e3b9e610dd" />
      <TestMethod codeBase="C:\src\test_async_app_for_it\TestJenkins\JenkinsUnitTests\bin\Release\net8.0\publish\JenkinsUnitTests.dll" adapterTypeName="executor://xunit/VsTestRunner2/netcoreapp" className="JenkinsUnitTests.UnitTest1" name="Multiplication" />
    </UnitTest>
    <UnitTest name="JenkinsUnitTests.UnitTest1.Addition(x: 1, y: 2, result: 3)" storage="c:\src\test_async_app_for_it\testjenkins\jenkinsunittests\bin\release\net8.0\publish\jenkinsunittests.dll" id="6ea3b85d-5b69-cebf-287b-c242e93a5d44">
      <Execution id="31cd13c5-9c0e-4fb0-8e97-3016328775ca" />
      <TestMethod codeBase="C:\src\test_async_app_for_it\TestJenkins\JenkinsUnitTests\bin\Release\net8.0\publish\JenkinsUnitTests.dll" adapterTypeName="executor://xunit/VsTestRunner2/netcoreapp" className="JenkinsUnitTests.UnitTest1" name="Addition" />
    </UnitTest>
    <UnitTest name="JenkinsUnitTests.UnitTest1.Substraction(x: 2, y: 7, result: -5)" storage="c:\src\test_async_app_for_it\testjenkins\jenkinsunittests\bin\release\net8.0\publish\jenkinsunittests.dll" id="22c79bfc-6beb-0e15-5795-417574d6fac0">
      <Execution id="4880e346-105c-407d-8e1a-d16ba80e3298" />
      <TestMethod codeBase="C:\src\test_async_app_for_it\TestJenkins\JenkinsUnitTests\bin\Release\net8.0\publish\JenkinsUnitTests.dll" adapterTypeName="executor://xunit/VsTestRunner2/netcoreapp" className="JenkinsUnitTests.UnitTest1" name="Substraction" />
    </UnitTest>
    <UnitTest name="JenkinsUnitTests.UnitTest1.Division(x: 1, y: 7, result: 0)" storage="c:\src\test_async_app_for_it\testjenkins\jenkinsunittests\bin\release\net8.0\publish\jenkinsunittests.dll" id="483aa94b-3793-d223-03b1-34492d663546">
      <Execution id="0a641139-8149-408f-9f86-9c8ea0cd922a" />
      <TestMethod codeBase="C:\src\test_async_app_for_it\TestJenkins\JenkinsUnitTests\bin\Release\net8.0\publish\JenkinsUnitTests.dll" adapterTypeName="executor://xunit/VsTestRunner2/netcoreapp" className="JenkinsUnitTests.UnitTest1" name="Division" />
    </UnitTest>
  </TestDefinitions>
  <TestEntries>
    <TestEntry testId="22c79bfc-6beb-0e15-5795-417574d6fac0" executionId="4880e346-105c-407d-8e1a-d16ba80e3298" testListId="8c84fa94-04c1-424b-9868-57a2d4851a1d" />
    <TestEntry testId="ea20ef30-0174-a834-dc30-5e23270e7243" executionId="a0e01cdd-ba54-414a-9a6f-17e3b9e610dd" testListId="8c84fa94-04c1-424b-9868-57a2d4851a1d" />
    <TestEntry testId="483aa94b-3793-d223-03b1-34492d663546" executionId="0a641139-8149-408f-9f86-9c8ea0cd922a" testListId="8c84fa94-04c1-424b-9868-57a2d4851a1d" />
    <TestEntry testId="6ea3b85d-5b69-cebf-287b-c242e93a5d44" executionId="31cd13c5-9c0e-4fb0-8e97-3016328775ca" testListId="8c84fa94-04c1-424b-9868-57a2d4851a1d" />
  </TestEntries>
  <TestLists>
    <TestList name="Results Not in a List" id="8c84fa94-04c1-424b-9868-57a2d4851a1d" />
    <TestList name="All Loaded Results" id="19431567-8539-422a-85d7-44ee4e166bda" />
  </TestLists>
  <ResultSummary outcome="Completed">
    <Counters total="4" executed="4" passed="4" failed="0" error="0" timeout="0" aborted="0" inconclusive="0" passedButRunAborted="0" notRunnable="0" notExecuted="0" disconnected="0" warning="0" completed="0" inProgress="0" pending="0" />
    <Output>
      <StdOut>[xUnit.net 00:00:00.00] xUnit.net VSTest Adapter v2.4.5+1caef2f33e (64-bit .NET 8.0.3)&#xD;
[xUnit.net 00:00:00.49]   Discovering: JenkinsUnitTests&#xD;
[xUnit.net 00:00:00.52]   Discovered:  JenkinsUnitTests&#xD;
[xUnit.net 00:00:00.52]   Starting:    JenkinsUnitTests&#xD;
[xUnit.net 00:00:00.57]   Finished:    JenkinsUnitTests&#xD;
</StdOut>
    </Output>
    <CollectorDataEntries>
      <Collector agentName="UKD032" uri="datacollector://microsoft/CoverletCodeCoverage/1.0" collectorDisplayName="XPlat code coverage">
        <UriAttachments>
          <UriAttachment>
            <A href="UKD032\coverage.cobertura.xml"></A>
          </UriAttachment>
        </UriAttachments>
      </Collector>
    </CollectorDataEntries>
  </ResultSummary>
</TestRun>